Logfile initialized
[INFO] logfile = /Users/kenrogers/Documents/IdeaProjects/Toad_Platino/build.log
[DEBUG] /Library/Application Support/Titanium/mobilesdk/osx/3.1.3.GA/android/builder.py install Toad /opt/Android-SDK /Users/kenrogers/Documents/IdeaProjects/Toad_Platino/ co.p4n.toad 16
[INFO] Titanium SDK version: 3.1.3 (09/18/13 12:00 222f4d1)
[DEBUG] Waiting for device to be ready ...
[TRACE] adb devices returned 1 devices/emulators
[DEBUG] Device connected... (waited 0 seconds)
[DEBUG] waited 0.094498 seconds on emulator to get ready
[DEBUG] co.p4n.toad installed? False
[INFO] Copying CommonJS modules...
[INFO] Copying project resources..
[TRACE] COPYING CREATED FILE: /Users/kenrogers/Documents/IdeaProjects/Toad_Platino/Resources/content/funland/data.json => /Users/kenrogers/Documents/IdeaProjects/Toad_Platino/build/android/bin/assets/Resources/content/funland/data.json
[TRACE] COPYING MODIFIED FILE: /Users/kenrogers/Documents/IdeaProjects/Toad_Platino/Resources/game/factory/assetfactory.js => /Users/kenrogers/Documents/IdeaProjects/Toad_Platino/build/android/bin/assets/Resources/game/factory/assetfactory.js
[TRACE] COPYING MODIFIED FILE: /Users/kenrogers/Documents/IdeaProjects/Toad_Platino/Resources/game/factory/entitycreator.js => /Users/kenrogers/Documents/IdeaProjects/Toad_Platino/build/android/bin/assets/Resources/game/factory/entitycreator.js
[TRACE] COPYING CREATED FILE: /Users/kenrogers/Documents/IdeaProjects/Toad_Platino/Resources/game/model/homeshape.js => /Users/kenrogers/Documents/IdeaProjects/Toad_Platino/build/android/bin/assets/Resources/game/model/homeshape.js
[TRACE] COPYING MODIFIED FILE: /Users/kenrogers/Documents/IdeaProjects/Toad_Platino/Resources/game/model/levelmodel.js => /Users/kenrogers/Documents/IdeaProjects/Toad_Platino/build/android/bin/assets/Resources/game/model/levelmodel.js
[TRACE] COPYING CREATED FILE: /Users/kenrogers/Documents/IdeaProjects/Toad_Platino/Resources/game/model/newLevelModel.js => /Users/kenrogers/Documents/IdeaProjects/Toad_Platino/build/android/bin/assets/Resources/game/model/newLevelModel.js
[TRACE] COPYING MODIFIED FILE: /Users/kenrogers/Documents/IdeaProjects/Toad_Platino/Resources/game/model/states.js => /Users/kenrogers/Documents/IdeaProjects/Toad_Platino/build/android/bin/assets/Resources/game/model/states.js
[TRACE] COPYING MODIFIED FILE: /Users/kenrogers/Documents/IdeaProjects/Toad_Platino/Resources/game/systems/gamemanager.js => /Users/kenrogers/Documents/IdeaProjects/Toad_Platino/build/android/bin/assets/Resources/game/systems/gamemanager.js
[TRACE] COPYING MODIFIED FILE: /Users/kenrogers/Documents/IdeaProjects/Toad_Platino/Resources/game/systems/jumpsystem.js => /Users/kenrogers/Documents/IdeaProjects/Toad_Platino/build/android/bin/assets/Resources/game/systems/jumpsystem.js
[TRACE] COPYING MODIFIED FILE: /Users/kenrogers/Documents/IdeaProjects/Toad_Platino/Resources/game/systems/lillypadsystem.js => /Users/kenrogers/Documents/IdeaProjects/Toad_Platino/build/android/bin/assets/Resources/game/systems/lillypadsystem.js
[TRACE] COPYING MODIFIED FILE: /Users/kenrogers/Documents/IdeaProjects/Toad_Platino/Resources/game/systems/playersystem.js => /Users/kenrogers/Documents/IdeaProjects/Toad_Platino/build/android/bin/assets/Resources/game/systems/playersystem.js
[TRACE] COPYING MODIFIED FILE: /Users/kenrogers/Documents/IdeaProjects/Toad_Platino/Resources/game/systems/rendersystem.js => /Users/kenrogers/Documents/IdeaProjects/Toad_Platino/build/android/bin/assets/Resources/game/systems/rendersystem.js
[TRACE] COPYING MODIFIED FILE: /Users/kenrogers/Documents/IdeaProjects/Toad_Platino/Resources/graphics/jumpRing.psd => /Users/kenrogers/Documents/IdeaProjects/Toad_Platino/build/android/bin/assets/Resources/graphics/jumpRing.psd
[TRACE] COPYING MODIFIED FILE: /Users/kenrogers/Documents/IdeaProjects/Toad_Platino/Resources/MainScene.js => /Users/kenrogers/Documents/IdeaProjects/Toad_Platino/build/android/bin/assets/Resources/MainScene.js
[DEBUG] LiveView not enabled
[TRACE] Generating Java Classes
[DEBUG] Processing Android resource drawables
[DEBUG] copying app icon: /Users/kenrogers/Documents/IdeaProjects/Toad_Platino/build/android/bin/assets/Resources/appicon.png
[DEBUG] generating theme.xml
[DEBUG] found drawable-long-land-hdpi splash screen at /Users/kenrogers/Documents/IdeaProjects/Toad_Platino/Resources/android/images/res-long-land-hdpi/default.png
[DEBUG] copying /Users/kenrogers/Documents/IdeaProjects/Toad_Platino/Resources/android/images/res-long-land-hdpi/default.png splash screen to /Users/kenrogers/Documents/IdeaProjects/Toad_Platino/build/android/res/drawable-long-land-hdpi/background.png
[DEBUG] found drawable-long-land-ldpi splash screen at /Users/kenrogers/Documents/IdeaProjects/Toad_Platino/Resources/android/images/res-long-land-ldpi/default.png
[DEBUG] copying /Users/kenrogers/Documents/IdeaProjects/Toad_Platino/Resources/android/images/res-long-land-ldpi/default.png splash screen to /Users/kenrogers/Documents/IdeaProjects/Toad_Platino/build/android/res/drawable-long-land-ldpi/background.png
[DEBUG] found drawable-long-port-hdpi splash screen at /Users/kenrogers/Documents/IdeaProjects/Toad_Platino/Resources/android/images/res-long-port-hdpi/default.png
[DEBUG] copying /Users/kenrogers/Documents/IdeaProjects/Toad_Platino/Resources/android/images/res-long-port-hdpi/default.png splash screen to /Users/kenrogers/Documents/IdeaProjects/Toad_Platino/build/android/res/drawable-long-port-hdpi/background.png
[DEBUG] found drawable-long-port-ldpi splash screen at /Users/kenrogers/Documents/IdeaProjects/Toad_Platino/Resources/android/images/res-long-port-ldpi/default.png
[DEBUG] copying /Users/kenrogers/Documents/IdeaProjects/Toad_Platino/Resources/android/images/res-long-port-ldpi/default.png splash screen to /Users/kenrogers/Documents/IdeaProjects/Toad_Platino/build/android/res/drawable-long-port-ldpi/background.png
[DEBUG] found drawable-notlong-land-hdpi splash screen at /Users/kenrogers/Documents/IdeaProjects/Toad_Platino/Resources/android/images/res-notlong-land-hdpi/default.png
[DEBUG] copying /Users/kenrogers/Documents/IdeaProjects/Toad_Platino/Resources/android/images/res-notlong-land-hdpi/default.png splash screen to /Users/kenrogers/Documents/IdeaProjects/Toad_Platino/build/android/res/drawable-notlong-land-hdpi/background.png
[DEBUG] found drawable-notlong-land-ldpi splash screen at /Users/kenrogers/Documents/IdeaProjects/Toad_Platino/Resources/android/images/res-notlong-land-ldpi/default.png
[DEBUG] copying /Users/kenrogers/Documents/IdeaProjects/Toad_Platino/Resources/android/images/res-notlong-land-ldpi/default.png splash screen to /Users/kenrogers/Documents/IdeaProjects/Toad_Platino/build/android/res/drawable-notlong-land-ldpi/background.png
[DEBUG] found drawable-notlong-land-mdpi splash screen at /Users/kenrogers/Documents/IdeaProjects/Toad_Platino/Resources/android/images/res-notlong-land-mdpi/default.png
[DEBUG] copying /Users/kenrogers/Documents/IdeaProjects/Toad_Platino/Resources/android/images/res-notlong-land-mdpi/default.png splash screen to /Users/kenrogers/Documents/IdeaProjects/Toad_Platino/build/android/res/drawable-notlong-land-mdpi/background.png
[DEBUG] found drawable-notlong-port-hdpi splash screen at /Users/kenrogers/Documents/IdeaProjects/Toad_Platino/Resources/android/images/res-notlong-port-hdpi/default.png
[DEBUG] copying /Users/kenrogers/Documents/IdeaProjects/Toad_Platino/Resources/android/images/res-notlong-port-hdpi/default.png splash screen to /Users/kenrogers/Documents/IdeaProjects/Toad_Platino/build/android/res/drawable-notlong-port-hdpi/background.png
[DEBUG] found drawable-notlong-port-ldpi splash screen at /Users/kenrogers/Documents/IdeaProjects/Toad_Platino/Resources/android/images/res-notlong-port-ldpi/default.png
[DEBUG] copying /Users/kenrogers/Documents/IdeaProjects/Toad_Platino/Resources/android/images/res-notlong-port-ldpi/default.png splash screen to /Users/kenrogers/Documents/IdeaProjects/Toad_Platino/build/android/res/drawable-notlong-port-ldpi/background.png
[DEBUG] found drawable-notlong-port-mdpi splash screen at /Users/kenrogers/Documents/IdeaProjects/Toad_Platino/Resources/android/images/res-notlong-port-mdpi/default.png
[DEBUG] copying /Users/kenrogers/Documents/IdeaProjects/Toad_Platino/Resources/android/images/res-notlong-port-mdpi/default.png splash screen to /Users/kenrogers/Documents/IdeaProjects/Toad_Platino/build/android/res/drawable-notlong-port-mdpi/background.png
[DEBUG] found splash screen at /Users/kenrogers/Documents/IdeaProjects/Toad_Platino/build/android/bin/assets/Resources/default.png
[TRACE] Writing out AndroidManifest.xml
[DEBUG] adding /Users/kenrogers/Documents/IdeaProjects/Toad_Platino/build/android/gen/co/p4n/toad/R.java to javac build list
[DEBUG] adding /Users/kenrogers/Documents/IdeaProjects/Toad_Platino/build/android/gen/co/p4n/toad/ToadActivity.java to javac build list
[DEBUG] adding /Users/kenrogers/Documents/IdeaProjects/Toad_Platino/build/android/gen/co/p4n/toad/ToadAppInfo.java to javac build list
[DEBUG] adding /Users/kenrogers/Documents/IdeaProjects/Toad_Platino/build/android/gen/co/p4n/toad/ToadApplication.java to javac build list
[DEBUG] Building Java Sources: "/Users/kenrogers/Documents/IdeaProjects/Toad_Platino/build/android/gen/co/p4n/toad/R.java" "/Users/kenrogers/Documents/IdeaProjects/Toad_Platino/build/android/gen/co/p4n/toad/ToadActivity.java" "/Users/kenrogers/Documents/IdeaProjects/Toad_Platino/build/android/gen/co/p4n/toad/ToadAppInfo.java" "/Users/kenrogers/Documents/IdeaProjects/Toad_Platino/build/android/gen/co/p4n/toad/ToadApplication.java"
[INFO] Compiling Android Resources... This could take some time
[DEBUG] Android classes.dex built
[DEBUG] creating unsigned apk: /Users/kenrogers/Documents/IdeaProjects/Toad_Platino/build/android/bin/app-unsigned.apk
[DEBUG] from resource zip => assets/Resources/content/funland/data.json
[DEBUG] from resource zip => assets/Resources/drawable/appicon.png
[DEBUG] from resource zip => assets/Resources/drawable-hdpi/appicon.png
[DEBUG] from resource zip => assets/Resources/drawable-ldpi/appicon.png
[DEBUG] from resource zip => assets/Resources/drawable-mdpi/appicon.png
[DEBUG] from resource zip => assets/Resources/drawable-xhdpi/appicon.png
[DEBUG] from resource zip => assets/Resources/drawable-xxhdpi/Icon-xxhdpi.png
[DEBUG] from resource zip => assets/Resources/drawable-xxhdpi/appicon.png
[DEBUG] from resource zip => assets/Resources/game/components/display.js
[DEBUG] from resource zip => assets/Resources/game/components/jump.js
[DEBUG] from resource zip => assets/Resources/game/components/lillypad.js
[DEBUG] from resource zip => assets/Resources/game/components/physicsbody.js
[DEBUG] from resource zip => assets/Resources/game/components/physicsmoment.js
[DEBUG] from resource zip => assets/Resources/game/components/physicsshape.js
[DEBUG] from resource zip => assets/Resources/game/components/player.js
[DEBUG] from resource zip => assets/Resources/game/components/playfield.js
[DEBUG] from resource zip => assets/Resources/game/components/position.js
[DEBUG] from resource zip => assets/Resources/game/components/transform.js
[DEBUG] from resource zip => assets/Resources/game/factory/assetfactory.js
[DEBUG] from resource zip => assets/Resources/game/factory/entitycreator.js
[DEBUG] from resource zip => assets/Resources/game/model/GameModel.js
[DEBUG] from resource zip => assets/Resources/game/model/homeshape.js
[DEBUG] from resource zip => assets/Resources/game/model/levelmodel.js
[DEBUG] from resource zip => assets/Resources/game/model/newLevelModel.js
[DEBUG] from resource zip => assets/Resources/game/model/playfieldshape.js
[DEBUG] from resource zip => assets/Resources/game/model/states.js
[DEBUG] from resource zip => assets/Resources/game/nodes/lillypad.js
[DEBUG] from resource zip => assets/Resources/game/nodes/physicsrender.js
[DEBUG] from resource zip => assets/Resources/game/nodes/player.js
[DEBUG] from resource zip => assets/Resources/game/nodes/playerstate.js
[DEBUG] from resource zip => assets/Resources/game/nodes/playfield.js
[DEBUG] from resource zip => assets/Resources/game/nodes/render.js
[DEBUG] from resource zip => assets/Resources/game/nodes/ring.js
[DEBUG] from resource zip => assets/Resources/game/systems/cameracontrolsystem.js
[DEBUG] from resource zip => assets/Resources/game/systems/gamemanager.js
[DEBUG] from resource zip => assets/Resources/game/systems/jumpsystem.js
[DEBUG] from resource zip => assets/Resources/game/systems/lillypadsystem.js
[DEBUG] from resource zip => assets/Resources/game/systems/physicssystem.js
[DEBUG] from resource zip => assets/Resources/game/systems/playersystem.js
[DEBUG] from resource zip => assets/Resources/game/systems/rendersystem.js
[DEBUG] from resource zip => assets/Resources/game/systems/systempriorities.js
[DEBUG] from resource zip => assets/Resources/graphics/island.png
[DEBUG] from resource zip => assets/Resources/graphics/jumpRing.png
[DEBUG] from resource zip => assets/Resources/graphics/jumpRing.psd
[DEBUG] from resource zip => assets/Resources/graphics/jumpRing2.png
[DEBUG] from resource zip => assets/Resources/graphics/lives.png
[DEBUG] from resource zip => assets/Resources/graphics/lives.xml
[DEBUG] from resource zip => assets/Resources/graphics/pad.png
[DEBUG] from resource zip => assets/Resources/graphics/pondArt.png
[DEBUG] from resource zip => assets/Resources/graphics/pondArtSmall.png
[DEBUG] from resource zip => assets/Resources/graphics/pondBounds.json
[DEBUG] from resource zip => assets/Resources/graphics/pondBounds.png
[DEBUG] from resource zip => assets/Resources/graphics/pondBoundsShape.png
[DEBUG] from resource zip => assets/Resources/graphics/ripple.json
[DEBUG] from resource zip => assets/Resources/graphics/ripple.png
[DEBUG] from resource zip => assets/Resources/graphics/ripple.xml
[DEBUG] from resource zip => assets/Resources/graphics/ripple_SheetAnimations-suffix.json
[DEBUG] from resource zip => assets/Resources/graphics/ripple_UntitledSheet-suffix.png
[DEBUG] from resource zip => assets/Resources/graphics/ripple_UntitledSheet-suffix.xml
[DEBUG] from resource zip => assets/Resources/graphics/splash.png
[DEBUG] from resource zip => assets/Resources/graphics/startButton.png
[DEBUG] from resource zip => assets/Resources/graphics/toad.png
[DEBUG] from resource zip => assets/Resources/graphics/water.png
[DEBUG] from resource zip => assets/Resources/graphics/water2.png
[DEBUG] from resource zip => assets/Resources/lib/ash/ash.js
[DEBUG] from resource zip => assets/Resources/ApplicationWindow.js
[DEBUG] from resource zip => assets/Resources/Icon-hdpi.png
[DEBUG] from resource zip => assets/Resources/Icon-ldpi.png
[DEBUG] from resource zip => assets/Resources/Icon-mdpi.png
[DEBUG] from resource zip => assets/Resources/Icon-xhdpi.png
[DEBUG] from resource zip => assets/Resources/MainScene.js
[DEBUG] from resource zip => assets/Resources/app.js
[DEBUG] from resource zip => assets/Resources/appicon.png
[DEBUG] from resource zip => assets/Resources/co.lanica.chipmunk2d.debugdraw.js
[DEBUG] from resource zip => assets/Resources/default.png
[DEBUG] from resource zip => assets/app.json
[DEBUG] from resource zip => assets/index.json
[DEBUG] from resource zip => res/drawable/appicon.png
[DEBUG] from resource zip => res/drawable/background.png
[DEBUG] from resource zip => res/drawable/btn_check_buttonless_on_64.png
[DEBUG] from resource zip => res/drawable/btn_more_64.png
[DEBUG] from resource zip => res/drawable/disclosure_64.png
[DEBUG] from resource zip => res/layout/titanium_tabgroup.xml
[DEBUG] from resource zip => res/layout/titanium_ui_list_header_or_footer.xml
[DEBUG] from resource zip => res/layout/titanium_ui_list_item.xml
[DEBUG] from resource zip => AndroidManifest.xml
[DEBUG] from resource zip => resources.arsc
[DEBUG] from resource zip => res/drawable-long-land-hdpi/background.png
[DEBUG] from resource zip => res/drawable-long-land-ldpi/background.png
[DEBUG] from resource zip => res/drawable-long-port-hdpi/background.png
[DEBUG] from resource zip => res/drawable-long-port-ldpi/background.png
[DEBUG] from resource zip => res/drawable-notlong-land-hdpi/background.png
[DEBUG] from resource zip => res/drawable-notlong-land-ldpi/background.png
[DEBUG] from resource zip => res/drawable-notlong-land-mdpi/background.png
[DEBUG] from resource zip => res/drawable-notlong-port-hdpi/background.png
[DEBUG] from resource zip => res/drawable-notlong-port-ldpi/background.png
[DEBUG] from resource zip => res/drawable-notlong-port-mdpi/background.png
[DEBUG] from JAR /Library/Application Support/Titanium/mobilesdk/osx/3.1.3.GA/android/modules/titanium-ui.jar => ti/modules/titanium/ui/widget/webview/binding.js
[DEBUG] from JAR /Library/Application Support/Titanium/mobilesdk/osx/3.1.3.GA/android/modules/titanium-ui.jar => ti/modules/titanium/ui/widget/webview/binding.min.js
[DEBUG] from JAR /Library/Application Support/Titanium/mobilesdk/osx/3.1.3.GA/android/modules/titanium-ui.jar => ti/modules/titanium/ui/widget/webview/json2.js
[DEBUG] from JAR /Library/Application Support/Titanium/mobilesdk/osx/3.1.3.GA/android/modules/titanium-ui.jar => ti/modules/titanium/ui/widget/webview/polling.js
[DEBUG] from JAR /Library/Application Support/Titanium/mobilesdk/osx/3.1.3.GA/android/modules/titanium-ui.jar => ti/modules/titanium/ui/widget/webview/polling.min.js
[DEBUG] from JAR /Library/Application Support/Titanium/mobilesdk/osx/3.1.3.GA/android/titanium.jar => org/appcelerator/titanium/build.properties
[DEBUG] from JAR /Library/Application Support/Titanium/mobilesdk/osx/3.1.3.GA/android/titanium.jar => org/appcelerator/titanium/res/drawable/background.png
[DEBUG] from JAR /Library/Application Support/Titanium/mobilesdk/osx/3.1.3.GA/android/titanium.jar => org/appcelerator/titanium/res/drawable/btn_check_buttonless_on.png
[DEBUG] from JAR /Library/Application Support/Titanium/mobilesdk/osx/3.1.3.GA/android/titanium.jar => org/appcelerator/titanium/res/drawable/btn_check_buttonless_on_18.png
[DEBUG] from JAR /Library/Application Support/Titanium/mobilesdk/osx/3.1.3.GA/android/titanium.jar => org/appcelerator/titanium/res/drawable/btn_check_buttonless_on_48.png
[DEBUG] from JAR /Library/Application Support/Titanium/mobilesdk/osx/3.1.3.GA/android/titanium.jar => org/appcelerator/titanium/res/drawable/btn_check_buttonless_on_64.png
[DEBUG] from JAR /Library/Application Support/Titanium/mobilesdk/osx/3.1.3.GA/android/titanium.jar => org/appcelerator/titanium/res/drawable/btn_more.png
[DEBUG] from JAR /Library/Application Support/Titanium/mobilesdk/osx/3.1.3.GA/android/titanium.jar => org/appcelerator/titanium/res/drawable/btn_more_18.png
[DEBUG] from JAR /Library/Application Support/Titanium/mobilesdk/osx/3.1.3.GA/android/titanium.jar => org/appcelerator/titanium/res/drawable/btn_more_48.png
[DEBUG] from JAR /Library/Application Support/Titanium/mobilesdk/osx/3.1.3.GA/android/titanium.jar => org/appcelerator/titanium/res/drawable/btn_more_64.png
[DEBUG] from JAR /Library/Application Support/Titanium/mobilesdk/osx/3.1.3.GA/android/titanium.jar => org/appcelerator/titanium/res/drawable/btn_picker_normal.9.png
[DEBUG] from JAR /Library/Application Support/Titanium/mobilesdk/osx/3.1.3.GA/android/titanium.jar => org/appcelerator/titanium/res/drawable/btn_picker_pressed.9.png
[DEBUG] from JAR /Library/Application Support/Titanium/mobilesdk/osx/3.1.3.GA/android/titanium.jar => org/appcelerator/titanium/res/drawable/btn_picker_selected.9.png
[DEBUG] from JAR /Library/Application Support/Titanium/mobilesdk/osx/3.1.3.GA/android/titanium.jar => org/appcelerator/titanium/res/drawable/default_icon.png
[DEBUG] from JAR /Library/Application Support/Titanium/mobilesdk/osx/3.1.3.GA/android/titanium.jar => org/appcelerator/titanium/res/drawable/photoDefault.png
[DEBUG] installing native lib: /Library/Application Support/Titanium/modules/android/co.lanica.platino/2.0.1/libs/armeabi/libco.lanica.platino.so
[DEBUG] installing native lib: /Library/Application Support/Titanium/modules/android/co.lanica.platino/2.0.1/libs/armeabi-v7a/libco.lanica.platino.so
[DEBUG] installing native lib: /Library/Application Support/Titanium/modules/android/co.lanica.platino/2.0.1/libs/x86/libco.lanica.platino.so
[DEBUG] installing native lib: /Library/Application Support/Titanium/modules/android/co.lanica.chipmunk2d/0.1/libs/armeabi/libchipmunk.so
[DEBUG] installing native lib: /Library/Application Support/Titanium/modules/android/co.lanica.chipmunk2d/0.1/libs/armeabi/libChipmunkSwigV8.so
[DEBUG] installing native lib: /Library/Application Support/Titanium/modules/android/co.lanica.chipmunk2d/0.1/libs/armeabi/libco.lanica.chipmunk2d.so
[DEBUG] installing native lib: /Library/Application Support/Titanium/modules/android/co.lanica.chipmunk2d/0.1/libs/armeabi-v7a/libchipmunk.so
[DEBUG] installing native lib: /Library/Application Support/Titanium/modules/android/co.lanica.chipmunk2d/0.1/libs/armeabi-v7a/libChipmunkSwigV8.so
[DEBUG] installing native lib: /Library/Application Support/Titanium/modules/android/co.lanica.chipmunk2d/0.1/libs/armeabi-v7a/libco.lanica.chipmunk2d.so
[DEBUG] installing native lib: /Library/Application Support/Titanium/modules/android/co.lanica.chipmunk2d/0.1/libs/x86/libchipmunk.so
[DEBUG] installing native lib: /Library/Application Support/Titanium/modules/android/co.lanica.chipmunk2d/0.1/libs/x86/libChipmunkSwigV8.so
[DEBUG] installing native lib: /Library/Application Support/Titanium/modules/android/co.lanica.chipmunk2d/0.1/libs/x86/libco.lanica.chipmunk2d.so
[DEBUG] installing native SDK libs
[DEBUG] Waiting for device to be ready ...
[TRACE] adb devices returned 1 devices/emulators
[DEBUG] Device connected... (waited 0 seconds)
[DEBUG] waited 0.062913 seconds on emulator to get ready
[INFO] Installing application on device
[INFO] Application installed. Launch from drawer on Home Screen
